2025-04-04 08:45:00.914167 - Received CBT.V508.FILE376.PDS from FILE376.XMI 
2025-04-04 08:45:00.916525 - Found $$$#DATE.txt (text/plain) in CBT.V508.FILE376.PDS, moved to PDS/$$$#DATE
2025-04-04 08:45:00.916686 - Found $$AUTHOR.txt (text/plain) in CBT.V508.FILE376.PDS, moved to PDS/$$AUTHOR
2025-04-04 08:45:00.916847 - Found $$DOCM.txt (text/plain) in CBT.V508.FILE376.PDS, moved to PDS/$$DOCM
2025-04-04 08:45:00.916987 - Found @FILE376.txt (text/plain) in CBT.V508.FILE376.PDS, moved to PDS/@FILE376
2025-04-04 08:45:00.917120 - Found ADPDATAB.txt (text/plain) in CBT.V508.FILE376.PDS, moved to PDS/ADPDATAB
2025-04-04 08:45:00.917254 - Found APFLIST.jcl (text/plain) in CBT.V508.FILE376.PDS, moved to PDS/APFLIST
2025-04-04 08:45:00.917388 - Found ASMHCL.txt (text/plain) in CBT.V508.FILE376.PDS, moved to PDS/ASMHCL
2025-04-04 08:45:00.917523 - Found BA.txt (text/plain) in CBT.V508.FILE376.PDS, moved to PDS/BA
2025-04-04 08:45:00.917655 - Found BAWE.txt (text/plain) in CBT.V508.FILE376.PDS, moved to PDS/BAWE
2025-04-04 08:45:00.917785 - Found CATDISP.jcl (text/plain) in CBT.V508.FILE376.PDS, moved to PDS/CATDISP
2025-04-04 08:45:00.917913 - Found CHPDATAB.txt (text/plain) in CBT.V508.FILE376.PDS, moved to PDS/CHPDATAB
2025-04-04 08:45:00.918067 - Found CSA.jcl (text/plain) in CBT.V508.FILE376.PDS, moved to PDS/CSA
2025-04-04 08:45:00.918222 - Found C4SMFDS.jcl (text/plain) in CBT.V508.FILE376.PDS, moved to PDS/C4SMFDS
2025-04-04 08:45:00.918358 - Found DDMN.jcl (text/plain) in CBT.V508.FILE376.PDS, moved to PDS/DDMN
2025-04-04 08:45:00.918493 - Found DELAY.jcl (text/plain) in CBT.V508.FILE376.PDS, moved to PDS/DELAY
2025-04-04 08:45:00.918636 - Found DMDT.jcl (text/plain) in CBT.V508.FILE376.PDS, moved to PDS/DMDT
2025-04-04 08:45:00.918797 - Found EDCHP.jcl (text/plain) in CBT.V508.FILE376.PDS, moved to PDS/EDCHP
2025-04-04 08:45:00.918933 - Found EDJES3.jcl (text/plain) in CBT.V508.FILE376.PDS, moved to PDS/EDJES3
2025-04-04 08:45:00.919059 - Found EDTAPASM.jcl (text/plain) in CBT.V508.FILE376.PDS, moved to PDS/EDTAPASM
2025-04-04 08:45:00.919189 - Found EDTAPE.txt (text/plain) in CBT.V508.FILE376.PDS, moved to PDS/EDTAPE
2025-04-04 08:45:00.919318 - Found EDWAD#.txt (text/plain) in CBT.V508.FILE376.PDS, moved to PDS/EDWAD#
2025-04-04 08:45:00.919452 - Found EDWADATA.txt (text/plain) in CBT.V508.FILE376.PDS, moved to PDS/EDWADATA
2025-04-04 08:45:00.919592 - Found EDWADAT2.txt (text/plain) in CBT.V508.FILE376.PDS, moved to PDS/EDWADAT2
2025-04-04 08:45:00.919924 - Found EDWADAT3.txt (text/plain) in CBT.V508.FILE376.PDS, moved to PDS/EDWADAT3
2025-04-04 08:45:00.920238 - Found EDWADAT4.txt (text/plain) in CBT.V508.FILE376.PDS, moved to PDS/EDWADAT4
2025-04-04 08:45:00.920394 - Found EDWADAT5.txt (text/plain) in CBT.V508.FILE376.PDS, moved to PDS/EDWADAT5
2025-04-04 08:45:00.920535 - Found EDWADAT6.txt (text/plain) in CBT.V508.FILE376.PDS, moved to PDS/EDWADAT6
2025-04-04 08:45:00.920674 - Found EDWADAT7.txt (text/plain) in CBT.V508.FILE376.PDS, moved to PDS/EDWADAT7
2025-04-04 08:45:00.920805 - Found EDWADAT8.txt (text/plain) in CBT.V508.FILE376.PDS, moved to PDS/EDWADAT8
2025-04-04 08:45:00.920930 - Found IOMVS.jcl (text/plain) in CBT.V508.FILE376.PDS, moved to PDS/IOMVS
2025-04-04 08:45:00.921060 - Found IOXA.jcl (text/plain) in CBT.V508.FILE376.PDS, moved to PDS/IOXA
2025-04-04 08:45:00.921189 - Found JESDATAB.txt (text/plain) in CBT.V508.FILE376.PDS, moved to PDS/JESDATAB
2025-04-04 08:45:00.921316 - Found J3.txt (text/plain) in CBT.V508.FILE376.PDS, moved to PDS/J3
2025-04-04 08:45:00.921451 - Found LASTIPL.jcl (text/plain) in CBT.V508.FILE376.PDS, moved to PDS/LASTIPL
2025-04-04 08:45:00.921574 - Found LLA.jcl (text/plain) in CBT.V508.FILE376.PDS, moved to PDS/LLA
2025-04-04 08:45:00.921731 - Found LOOK.jcl (text/plain) in CBT.V508.FILE376.PDS, moved to PDS/LOOK
2025-04-04 08:45:00.921855 - Found LSPACEXA.jcl (text/plain) in CBT.V508.FILE376.PDS, moved to PDS/LSPACEXA
2025-04-04 08:45:00.921999 - Found MDF.rexx (text/plain) in CBT.V508.FILE376.PDS, moved to PDS/MDF
2025-04-04 08:45:00.922122 - Found MDFSAS.txt (text/plain) in CBT.V508.FILE376.PDS, moved to PDS/MDFSAS
2025-04-04 08:45:00.922240 - Found NONSMS.jcl (text/plain) in CBT.V508.FILE376.PDS, moved to PDS/NONSMS
2025-04-04 08:45:00.922364 - Found OPTNJ.txt (text/plain) in CBT.V508.FILE376.PDS, moved to PDS/OPTNJ
2025-04-04 08:45:00.922488 - Found OPTNS.txt (text/plain) in CBT.V508.FILE376.PDS, moved to PDS/OPTNS
2025-04-04 08:45:00.922611 - Found QC.txt (text/plain) in CBT.V508.FILE376.PDS, moved to PDS/QC
2025-04-04 08:45:00.922734 - Found QF.txt (text/plain) in CBT.V508.FILE376.PDS, moved to PDS/QF
2025-04-04 08:45:00.922861 - Found QN.jcl (text/plain) in CBT.V508.FILE376.PDS, moved to PDS/QN
2025-04-04 08:45:00.923005 - Found QS.txt (text/plain) in CBT.V508.FILE376.PDS, moved to PDS/QS
2025-04-04 08:45:00.923154 - Found QZ.txt (text/plain) in CBT.V508.FILE376.PDS, moved to PDS/QZ
2025-04-04 08:45:00.923297 - Found SCR.jcl (text/plain) in CBT.V508.FILE376.PDS, moved to PDS/SCR
2025-04-04 08:45:00.923457 - Found SPON.jcl (text/plain) in CBT.V508.FILE376.PDS, moved to PDS/SPON
2025-04-04 08:45:00.923606 - Found STG.jcl (text/plain) in CBT.V508.FILE376.PDS, moved to PDS/STG
2025-04-04 08:45:00.923751 - Found TSODSN.jcl (text/plain) in CBT.V508.FILE376.PDS, moved to PDS/TSODSN
2025-04-04 08:45:00.923879 - Found TSODSNG.jcl (text/plain) in CBT.V508.FILE376.PDS, moved to PDS/TSODSNG
2025-04-04 08:45:00.924017 - Found TSOENQ.jcl (text/plain) in CBT.V508.FILE376.PDS, moved to PDS/TSOENQ
2025-04-04 08:45:00.924153 - Found TX.rexx (text/plain) in CBT.V508.FILE376.PDS, moved to PDS/TX
2025-04-04 08:45:00.924298 - Found UDD.rexx (text/plain) in CBT.V508.FILE376.PDS, moved to PDS/UDD
2025-04-04 08:45:00.924434 - Found UDF.jcl (text/plain) in CBT.V508.FILE376.PDS, moved to PDS/UDF
2025-04-04 08:45:00.924562 - Found UDFDATAB.txt (text/plain) in CBT.V508.FILE376.PDS, moved to PDS/UDFDATAB
2025-04-04 08:45:00.924689 - Found UDG.rexx (text/plain) in CBT.V508.FILE376.PDS, moved to PDS/UDG
2025-04-04 08:45:00.924815 - Found WHELP.txt (text/plain) in CBT.V508.FILE376.PDS, moved to PDS/WHELP
2025-04-04 08:45:00.924948 - Found WHELPP.txt (text/plain) in CBT.V508.FILE376.PDS, moved to PDS/WHELPP
2025-04-04 08:45:00.925092 - Found YDF.jcl (text/plain) in CBT.V508.FILE376.PDS, moved to PDS/YDF
2025-04-04 08:45:00.925228 - Found ZDFC4.txt (text/plain) in CBT.V508.FILE376.PDS, moved to PDS/ZDFC4
2025-04-04 08:45:00.925354 - Found ZDFDAT.txt (text/plain) in CBT.V508.FILE376.PDS, moved to PDS/ZDFDAT
2025-04-04 08:45:00.925490 - Found ZDFESA.jcl (text/plain) in CBT.V508.FILE376.PDS, moved to PDS/ZDFESA
2025-04-04 08:45:00.925622 - Found ZDFHELP.txt (text/plain) in CBT.V508.FILE376.PDS, moved to PDS/ZDFHELP
2025-04-04 08:45:00.925754 - Found ZDFHELP1.txt (text/plain) in CBT.V508.FILE376.PDS, moved to PDS/ZDFHELP1
2025-04-04 08:45:00.925878 - Found ZDFTEST.txt (text/plain) in CBT.V508.FILE376.PDS, moved to PDS/ZDFTEST
2025-04-04 08:45:00.926009 - Found ZWAIT.rexx (text/plain) in CBT.V508.FILE376.PDS, moved to PDS/ZWAIT
